
[2025-01-23T09:24:19.447Z] START: Updated project specifications for Next.js 14 migration
Files Affected:
  - project/productSpec.md
  - project/architecture.md
  - project/progress.md
Key Decisions:
  - Updated product specifications with Next.js 14 requirements
  - Defined detailed component architecture
  - Created progress tracking structure
Results:
  Project specifications updated with migration plan details
Next Steps:
  - Begin base Next.js 14 setup
  - Create initial component structure
  - Implement server components
-------------------

[2025-01-23T23:38:12.206Z] TEST: Manual verification
Files Affected:
  - test/manual-test.js
Key Decisions:
  - confidence: 9
  - Running manual test
Results:
  Manual test executed
Next Steps:
  - Verify file updates
  - Check logs
-------------------

[2025-01-23T23:40:51.746Z] TEST: Manual verification
Files Affected:
  - test/manual-test.js
Key Decisions:
  - confidence: 9
  - Running manual test
Results:
  Manual test executed
Next Steps:
  - Verify file updates
  - Check logs
-------------------

[2025-01-23T23:43:56.020Z] TEST: Manual verification
Files Affected:
  - test/manual-test.js
Key Decisions:
  - confidence: 9
  - Running manual test
Results:
  Manual test executed
Next Steps:
  - Verify file updates
  - Check logs
-------------------

[2025-01-23T23:50:38.613Z] TEST: Manual verification
Files Affected:
  - test/manual-test.js
Key Decisions:
  - confidence: 9
  - Running manual test
Results:
  Manual test executed
Next Steps:
  - Verify file updates
  - Check logs
-------------------

[2025-01-23T23:52:50.749Z] TEST: Manual verification
Files Affected:
  - test/manual-test.js
Key Decisions:
  - confidence: 9
  - Running manual test
Results:
  Manual test executed
Next Steps:
  - Verify file updates
  - Check logs
-------------------

[2025-01-23T23:55:36.521Z] TEST: Manual verification
Files Affected:
  - test/manual-test.js
Key Decisions:
  - confidence: 9
  - Running manual test
Results:
  Manual test executed
Next Steps:
  - Verify file updates
  - Check logs
-------------------
